TN:
SF:src\handlers.ts
FN:3,getCurrentWeather
FN:56,getForecast
FN:110,getUvAndAir
FNF:3
FNH:3
FNDA:6,getCurrentWeather
FNDA:6,getForecast
FNDA:19,getUvAndAir
DA:1,1
DA:3,6
DA:4,6
DA:6,5
DA:7,5
DA:8,5
DA:9,5
DA:10,5
DA:11,5
DA:12,5
DA:13,5
DA:14,5
DA:15,5
DA:16,5
DA:17,5
DA:18,5
DA:19,5
DA:20,5
DA:21,5
DA:23,5
DA:24,6
DA:26,4
DA:40,4
DA:41,4
DA:42,6
DA:44,6
DA:45,6
DA:46,6
DA:48,6
DA:49,6
DA:50,6
DA:51,6
DA:52,6
DA:53,6
DA:54,6
DA:56,6
DA:57,6
DA:59,6
DA:60,6
DA:61,6
DA:62,6
DA:63,6
DA:64,6
DA:65,6
DA:66,6
DA:67,6
DA:68,6
DA:69,6
DA:70,6
DA:71,6
DA:72,6
DA:73,6
DA:74,6
DA:76,6
DA:77,6
DA:79,5
DA:92,5
DA:93,5
DA:95,5
DA:96,10
DA:97,10
DA:98,10
DA:99,10
DA:100,10
DA:101,10
DA:102,10
DA:103,10
DA:104,10
DA:105,5
DA:107,5
DA:108,5
DA:110,19
DA:111,19
DA:113,19
DA:114,19
DA:115,19
DA:116,19
DA:117,19
DA:118,19
DA:119,19
DA:120,19
DA:122,19
DA:123,19
DA:125,17
DA:126,17
DA:130,17
DA:131,17
DA:132,19
DA:134,19
DA:135,19
DA:136,19
DA:137,12
DA:138,5
DA:139,2
DA:140,3
DA:141,2
DA:142,1
DA:144,19
DA:146,19
DA:147,19
DA:149,19
DA:150,19
DA:151,19
DA:152,19
DA:153,19
DA:154,19
DA:155,19
LF:107
LH:107
BRDA:3,0,0,6
BRDA:4,1,0,5
BRDA:24,2,0,1
BRDA:24,3,0,4
BRDA:42,4,0,3
BRDA:42,5,0,1
BRDA:56,6,0,6
BRDA:77,7,0,1
BRDA:77,8,0,5
BRDA:95,9,0,10
BRDA:110,10,0,19
BRDA:122,11,0,1
BRDA:122,12,0,18
BRDA:123,13,0,1
BRDA:123,14,0,17
BRDA:132,15,0,2
BRDA:132,16,0,15
BRDA:132,17,0,2
BRDA:132,18,0,13
BRDA:132,19,0,10
BRDA:132,20,0,3
BRDA:132,21,0,2
BRDA:132,22,0,1
BRDA:136,23,0,12
BRDA:137,24,0,5
BRDA:138,25,0,2
BRDA:139,26,0,3
BRDA:140,27,0,2
BRDA:141,28,0,1
BRF:29
BRH:29
end_of_record
TN:
SF:src\weather.ts
FN:33,describeWeather
FN:37,geocodeCity
FNF:2
FNH:2
FNDA:45,describeWeather
FNDA:37,geocodeCity
DA:9,1
DA:10,1
DA:11,1
DA:12,1
DA:13,1
DA:14,1
DA:15,1
DA:16,1
DA:17,1
DA:18,1
DA:19,1
DA:20,1
DA:21,1
DA:22,1
DA:23,1
DA:24,1
DA:25,1
DA:26,1
DA:27,1
DA:28,1
DA:29,1
DA:30,1
DA:31,1
DA:33,1
DA:34,45
DA:35,45
DA:37,37
DA:38,37
DA:39,37
DA:40,37
DA:41,35
DA:42,37
DA:43,33
DA:44,33
LF:34
LH:34
BRDA:33,0,0,45
BRDA:34,1,0,1
BRDA:37,2,0,37
BRDA:40,3,0,2
BRDA:40,4,0,36
BRDA:40,5,0,35
BRDA:42,6,0,34
BRDA:42,7,0,2
BRDA:42,8,0,33
BRF:9
BRH:9
end_of_record
